

Processing SearchController#index (for 127.0.0.1 at 2010-07-06 00:24:59) [GET]
Rendering template within layouts/application
Rendering search/index
ERROR: compiling _run_erb_app47views47search47index46html46erb RAISED compile error
/Users/clayton/Projects/mocked/app/views/search/index.html.erb:18: syntax error, unexpected kENSURE, expecting $end
Function body:           def _run_erb_app47views47search47index46html46erb(local_assigns)
            old_output_buffer = output_buffer;;@output_buffer = '';  __in_erb_template=true ; @output_buffer.concat "<h1>Twitter Search</h1>\n"
;  form_tag :url => search_url ; @output_buffer.concat "\n  <p>"
; @output_buffer.concat(( text_field_tag :query, params[:query] ).to_s); @output_buffer.concat "&nbsp;"; @output_buffer.concat(( submit_tag "Search" ).to_s); @output_buffer.concat "</p>\n"
;  end ; @output_buffer.concat "\n"
;  if flash[:notice].present? ; @output_buffer.concat "\n  <p class=\"notice\">"
; @output_buffer.concat(( flash[:notice] ).to_s); @output_buffer.concat "</p>\n"
;  end ; @output_buffer.concat "\n<p>"
; @output_buffer.concat(( flash[:notice] ).to_s); @output_buffer.concat "</p>\n"
;  if @results.present? ; @output_buffer.concat "\n  <ul class=\"results\">\n    "

;  for result in @results do ; @output_buffer.concat "\n      <li class=\""
; @output_buffer.concat(( cycle('even','odd') ).to_s); @output_buffer.concat "\">\n        "
; @output_buffer.concat(( result.text ).to_s); @output_buffer.concat " via "; @output_buffer.concat(( result.from_user ).to_s); @output_buffer.concat " on "; @output_buffer.concat(( result.created_at.to_s ).to_s); @output_buffer.concat "\n      </li>\n    "

;  end ; @output_buffer.concat "\n  </ul>\n"

;  end; @output_buffer
          ensure
            self.output_buffer = old_output_buffer
          end
Backtrace: /Users/clayton/Projects/mocked/app/views/search/index.html.erb:18:in `compile!'
/Library/Ruby/Gems/1.8/gems/actionpack-2.3.5/lib/action_view/renderable.rb:61:in `compile'
/Library/Ruby/Gems/1.8/gems/actionpack-2.3.5/lib/action_view/renderable.rb:28:in `render'
/Library/Ruby/Gems/1.8/gems/actionpack-2.3.5/lib/action_view/template.rb:205:in `render_template'
/Library/Ruby/Gems/1.8/gems/actionpack-2.3.5/lib/action_view/base.rb:265:in `render'
/Library/Ruby/Gems/1.8/gems/actionpack-2.3.5/lib/action_view/base.rb:348:in `_render_with_layout'
/Library/Ruby/Gems/1.8/gems/actionpack-2.3.5/lib/action_view/base.rb:262:in `render'
/Library/Ruby/Gems/1.8/gems/actionpack-2.3.5/lib/action_controller/base.rb:1250:in `render_for_file'
/Library/Ruby/Gems/1.8/gems/actionpack-2.3.5/lib/action_controller/base.rb:945:in `render_without_benchmark'
/Library/Ruby/Gems/1.8/gems/actionpack-2.3.5/lib/action_controller/benchmarking.rb:51:in `render'
/Library/Ruby/Gems/1.8/gems/activesupport-2.3.5/lib/active_support/core_ext/benchmark.rb:17:in `ms'
/System/Library/Frameworks/Ruby.framework/Versions/1.8/usr/lib/ruby/1.8/benchmark.rb:308:in `realtime'
/Library/Ruby/Gems/1.8/gems/activesupport-2.3.5/lib/active_support/core_ext/benchmark.rb:17:in `ms'
/Library/Ruby/Gems/1.8/gems/actionpack-2.3.5/lib/action_controller/benchmarking.rb:51:in `render'
/Library/Ruby/Gems/1.8/gems/actionpack-2.3.5/lib/action_controller/base.rb:1326:in `default_render'
/Library/Ruby/Gems/1.8/gems/actionpack-2.3.5/lib/action_controller/base.rb:1332:in `perform_action_without_filters'
/Library/Ruby/Gems/1.8/gems/actionpack-2.3.5/lib/action_controller/filters.rb:617:in `call_filters'
/Library/Ruby/Gems/1.8/gems/actionpack-2.3.5/lib/action_controller/filters.rb:610:in `perform_action_without_benchmark'
/Library/Ruby/Gems/1.8/gems/actionpack-2.3.5/lib/action_controller/benchmarking.rb:68:in `perform_action_without_rescue'
/Library/Ruby/Gems/1.8/gems/activesupport-2.3.5/lib/active_support/core_ext/benchmark.rb:17:in `ms'
/System/Library/Frameworks/Ruby.framework/Versions/1.8/usr/lib/ruby/1.8/benchmark.rb:308:in `realtime'
/Library/Ruby/Gems/1.8/gems/activesupport-2.3.5/lib/active_support/core_ext/benchmark.rb:17:in `ms'
/Library/Ruby/Gems/1.8/gems/actionpack-2.3.5/lib/action_controller/benchmarking.rb:68:in `perform_action_without_rescue'
/Library/Ruby/Gems/1.8/gems/actionpack-2.3.5/lib/action_controller/rescue.rb:160:in `perform_action_without_flash'
/Library/Ruby/Gems/1.8/gems/actionpack-2.3.5/lib/action_controller/flash.rb:146:in `perform_action'
/Library/Ruby/Gems/1.8/gems/actionpack-2.3.5/lib/action_controller/base.rb:532:in `send'
/Library/Ruby/Gems/1.8/gems/actionpack-2.3.5/lib/action_controller/base.rb:532:in `process_without_filters'
/Library/Ruby/Gems/1.8/gems/actionpack-2.3.5/lib/action_controller/filters.rb:606:in `process'
/Library/Ruby/Gems/1.8/gems/actionpack-2.3.5/lib/action_controller/base.rb:391:in `process'
/Library/Ruby/Gems/1.8/gems/actionpack-2.3.5/lib/action_controller/base.rb:386:in `call'
/Library/Ruby/Gems/1.8/gems/actionpack-2.3.5/lib/action_controller/routing/route_set.rb:437:in `call'
/Library/Ruby/Gems/1.8/gems/actionpack-2.3.5/lib/action_controller/dispatcher.rb:87:in `dispatch'
/Library/Ruby/Gems/1.8/gems/actionpack-2.3.5/lib/action_controller/dispatcher.rb:121:in `_call'
/Library/Ruby/Gems/1.8/gems/actionpack-2.3.5/lib/action_controller/dispatcher.rb:130:in `build_middleware_stack'
/Library/Ruby/Gems/1.8/gems/actionpack-2.3.5/lib/action_controller/string_coercion.rb:25:in `call'
/Library/Ruby/Gems/1.8/gems/actionpack-2.3.5/lib/action_controller/string_coercion.rb:25:in `call'
/Library/Ruby/Gems/1.8/gems/rack-1.0.1/lib/rack/head.rb:9:in `call'
/Library/Ruby/Gems/1.8/gems/rack-1.0.1/lib/rack/methodoverride.rb:24:in `call'
/Library/Ruby/Gems/1.8/gems/actionpack-2.3.5/lib/action_controller/params_parser.rb:15:in `call'
/Library/Ruby/Gems/1.8/gems/actionpack-2.3.5/lib/action_controller/session/cookie_store.rb:93:in `call'
/Library/Ruby/Gems/1.8/gems/actionpack-2.3.5/lib/action_controller/failsafe.rb:26:in `call'
/Library/Ruby/Gems/1.8/gems/rack-1.0.1/lib/rack/lock.rb:11:in `call'
/Library/Ruby/Gems/1.8/gems/rack-1.0.1/lib/rack/lock.rb:11:in `synchronize'
/Library/Ruby/Gems/1.8/gems/rack-1.0.1/lib/rack/lock.rb:11:in `call'
/Library/Ruby/Gems/1.8/gems/actionpack-2.3.5/lib/action_controller/dispatcher.rb:114:in `call'
/Library/Ruby/Gems/1.8/gems/actionpack-2.3.5/lib/action_controller/reloader.rb:34:in `run'
/Library/Ruby/Gems/1.8/gems/actionpack-2.3.5/lib/action_controller/dispatcher.rb:108:in `call'
/Library/Ruby/Gems/1.8/gems/rails-2.3.5/lib/rails/rack/static.rb:31:in `call'
/Library/Ruby/Gems/1.8/gems/rack-1.0.1/lib/rack/urlmap.rb:46:in `call'
/Library/Ruby/Gems/1.8/gems/rack-1.0.1/lib/rack/urlmap.rb:40:in `each'
/Library/Ruby/Gems/1.8/gems/rack-1.0.1/lib/rack/urlmap.rb:40:in `call'
/Library/Ruby/Gems/1.8/gems/rails-2.3.5/lib/rails/rack/log_tailer.rb:17:in `call'
/Library/Ruby/Gems/1.8/gems/rack-1.0.1/lib/rack/content_length.rb:13:in `call'
/Library/Ruby/Gems/1.8/gems/rack-1.0.1/lib/rack/chunked.rb:15:in `call'
/Library/Ruby/Gems/1.8/gems/rack-1.0.1/lib/rack/handler/mongrel.rb:64:in `process'
/System/Library/Frameworks/Ruby.framework/Versions/1.8/usr/lib/ruby/gems/1.8/gems/mongrel-1.1.5/lib/mongrel.rb:159:in `process_client'
/System/Library/Frameworks/Ruby.framework/Versions/1.8/usr/lib/ruby/gems/1.8/gems/mongrel-1.1.5/lib/mongrel.rb:158:in `each'
/System/Library/Frameworks/Ruby.framework/Versions/1.8/usr/lib/ruby/gems/1.8/gems/mongrel-1.1.5/lib/mongrel.rb:158:in `process_client'
/System/Library/Frameworks/Ruby.framework/Versions/1.8/usr/lib/ruby/gems/1.8/gems/mongrel-1.1.5/lib/mongrel.rb:285:in `run'
/System/Library/Frameworks/Ruby.framework/Versions/1.8/usr/lib/ruby/gems/1.8/gems/mongrel-1.1.5/lib/mongrel.rb:285:in `initialize'
/System/Library/Frameworks/Ruby.framework/Versions/1.8/usr/lib/ruby/gems/1.8/gems/mongrel-1.1.5/lib/mongrel.rb:285:in `new'
/System/Library/Frameworks/Ruby.framework/Versions/1.8/usr/lib/ruby/gems/1.8/gems/mongrel-1.1.5/lib/mongrel.rb:285:in `run'
/System/Library/Frameworks/Ruby.framework/Versions/1.8/usr/lib/ruby/gems/1.8/gems/mongrel-1.1.5/lib/mongrel.rb:268:in `initialize'
/System/Library/Frameworks/Ruby.framework/Versions/1.8/usr/lib/ruby/gems/1.8/gems/mongrel-1.1.5/lib/mongrel.rb:268:in `new'
/System/Library/Frameworks/Ruby.framework/Versions/1.8/usr/lib/ruby/gems/1.8/gems/mongrel-1.1.5/lib/mongrel.rb:268:in `run'
/Library/Ruby/Gems/1.8/gems/rack-1.0.1/lib/rack/handler/mongrel.rb:34:in `run'
/Library/Ruby/Gems/1.8/gems/rails-2.3.5/lib/commands/server.rb:111
/Library/Ruby/Site/1.8/rubygems/custom_require.rb:31:in `gem_original_require'
/Library/Ruby/Site/1.8/rubygems/custom_require.rb:31:in `require'
script/server:3

ActionView::TemplateError (compile error
/Users/clayton/Projects/mocked/app/views/search/index.html.erb:18: syntax error, unexpected kENSURE, expecting $end) on line #18 of app/views/search/index.html.erb:
15:     <% end %>
16:   </ul>
17: <% end%>

    app/views/search/index.html.erb:18:in `compile!'

Rendered rescues/_trace (45.0ms)
Rendered rescues/_request_and_response (1.4ms)
Rendering rescues/layout (internal_server_error)


Processing SearchController#index (for 127.0.0.1 at 2010-07-06 00:25:12) [GET]
Rendering template within layouts/application
Rendering search/index
ERROR: compiling _run_erb_app47views47search47index46html46erb RAISED compile error
/Users/clayton/Projects/mocked/app/views/search/index.html.erb:18: syntax error, unexpected kENSURE, expecting $end
Function body:           def _run_erb_app47views47search47index46html46erb(local_assigns)
            old_output_buffer = output_buffer;;@output_buffer = '';  __in_erb_template=true ; @output_buffer.concat "<h1>Twitter Search</h1>\n"
;  form_tag :url => search_url ; @output_buffer.concat "\n  <p>"
; @output_buffer.concat(( text_field_tag :query, params[:query] ).to_s); @output_buffer.concat "&nbsp;"; @output_buffer.concat(( submit_tag "Search" ).to_s); @output_buffer.concat "</p>\n"
;  end ; @output_buffer.concat "\n"
;  if flash[:notice].present? ; @output_buffer.concat "\n  <p class=\"notice\">"
; @output_buffer.concat(( flash[:notice] ).to_s); @output_buffer.concat "</p>\n"
;  end ; @output_buffer.concat "\n<p>"
; @output_buffer.concat(( flash[:notice] ).to_s); @output_buffer.concat "</p>\n"
;  if @results.present? ; @output_buffer.concat "\n  <ul class=\"results\">\n    "

;  for result in @results do ; @output_buffer.concat "\n      <li class=\""
; @output_buffer.concat(( cycle('even','odd') ).to_s); @output_buffer.concat "\">\n        "
; @output_buffer.concat(( result.text ).to_s); @output_buffer.concat " via "; @output_buffer.concat(( result.from_user ).to_s); @output_buffer.concat " on "; @output_buffer.concat(( result.created_at.to_s ).to_s); @output_buffer.concat "\n      </li>\n    "

;  end ; @output_buffer.concat "\n  </ul>\n"

;  end ; @output_buffer
          ensure
            self.output_buffer = old_output_buffer
          end
Backtrace: /Users/clayton/Projects/mocked/app/views/search/index.html.erb:18:in `compile!'
/Library/Ruby/Gems/1.8/gems/actionpack-2.3.5/lib/action_view/renderable.rb:61:in `compile'
/Library/Ruby/Gems/1.8/gems/actionpack-2.3.5/lib/action_view/renderable.rb:28:in `render'
/Library/Ruby/Gems/1.8/gems/actionpack-2.3.5/lib/action_view/template.rb:205:in `render_template'
/Library/Ruby/Gems/1.8/gems/actionpack-2.3.5/lib/action_view/base.rb:265:in `render'
/Library/Ruby/Gems/1.8/gems/actionpack-2.3.5/lib/action_view/base.rb:348:in `_render_with_layout'
/Library/Ruby/Gems/1.8/gems/actionpack-2.3.5/lib/action_view/base.rb:262:in `render'
/Library/Ruby/Gems/1.8/gems/actionpack-2.3.5/lib/action_controller/base.rb:1250:in `render_for_file'
/Library/Ruby/Gems/1.8/gems/actionpack-2.3.5/lib/action_controller/base.rb:945:in `render_without_benchmark'
/Library/Ruby/Gems/1.8/gems/actionpack-2.3.5/lib/action_controller/benchmarking.rb:51:in `render'
/Library/Ruby/Gems/1.8/gems/activesupport-2.3.5/lib/active_support/core_ext/benchmark.rb:17:in `ms'
/System/Library/Frameworks/Ruby.framework/Versions/1.8/usr/lib/ruby/1.8/benchmark.rb:308:in `realtime'
/Library/Ruby/Gems/1.8/gems/activesupport-2.3.5/lib/active_support/core_ext/benchmark.rb:17:in `ms'
/Library/Ruby/Gems/1.8/gems/actionpack-2.3.5/lib/action_controller/benchmarking.rb:51:in `render'
/Library/Ruby/Gems/1.8/gems/actionpack-2.3.5/lib/action_controller/base.rb:1326:in `default_render'
/Library/Ruby/Gems/1.8/gems/actionpack-2.3.5/lib/action_controller/base.rb:1332:in `perform_action_without_filters'
/Library/Ruby/Gems/1.8/gems/actionpack-2.3.5/lib/action_controller/filters.rb:617:in `call_filters'
/Library/Ruby/Gems/1.8/gems/actionpack-2.3.5/lib/action_controller/filters.rb:610:in `perform_action_without_benchmark'
/Library/Ruby/Gems/1.8/gems/actionpack-2.3.5/lib/action_controller/benchmarking.rb:68:in `perform_action_without_rescue'
/Library/Ruby/Gems/1.8/gems/activesupport-2.3.5/lib/active_support/core_ext/benchmark.rb:17:in `ms'
/System/Library/Frameworks/Ruby.framework/Versions/1.8/usr/lib/ruby/1.8/benchmark.rb:308:in `realtime'
/Library/Ruby/Gems/1.8/gems/activesupport-2.3.5/lib/active_support/core_ext/benchmark.rb:17:in `ms'
/Library/Ruby/Gems/1.8/gems/actionpack-2.3.5/lib/action_controller/benchmarking.rb:68:in `perform_action_without_rescue'
/Library/Ruby/Gems/1.8/gems/actionpack-2.3.5/lib/action_controller/rescue.rb:160:in `perform_action_without_flash'
/Library/Ruby/Gems/1.8/gems/actionpack-2.3.5/lib/action_controller/flash.rb:146:in `perform_action'
/Library/Ruby/Gems/1.8/gems/actionpack-2.3.5/lib/action_controller/base.rb:532:in `send'
/Library/Ruby/Gems/1.8/gems/actionpack-2.3.5/lib/action_controller/base.rb:532:in `process_without_filters'
/Library/Ruby/Gems/1.8/gems/actionpack-2.3.5/lib/action_controller/filters.rb:606:in `process'
/Library/Ruby/Gems/1.8/gems/actionpack-2.3.5/lib/action_controller/base.rb:391:in `process'
/Library/Ruby/Gems/1.8/gems/actionpack-2.3.5/lib/action_controller/base.rb:386:in `call'
/Library/Ruby/Gems/1.8/gems/actionpack-2.3.5/lib/action_controller/routing/route_set.rb:437:in `call'
/Library/Ruby/Gems/1.8/gems/actionpack-2.3.5/lib/action_controller/dispatcher.rb:87:in `dispatch'
/Library/Ruby/Gems/1.8/gems/actionpack-2.3.5/lib/action_controller/dispatcher.rb:121:in `_call'
/Library/Ruby/Gems/1.8/gems/actionpack-2.3.5/lib/action_controller/dispatcher.rb:130:in `build_middleware_stack'
/Library/Ruby/Gems/1.8/gems/actionpack-2.3.5/lib/action_controller/string_coercion.rb:25:in `call'
/Library/Ruby/Gems/1.8/gems/actionpack-2.3.5/lib/action_controller/string_coercion.rb:25:in `call'
/Library/Ruby/Gems/1.8/gems/rack-1.0.1/lib/rack/head.rb:9:in `call'
/Library/Ruby/Gems/1.8/gems/rack-1.0.1/lib/rack/methodoverride.rb:24:in `call'
/Library/Ruby/Gems/1.8/gems/actionpack-2.3.5/lib/action_controller/params_parser.rb:15:in `call'
/Library/Ruby/Gems/1.8/gems/actionpack-2.3.5/lib/action_controller/session/cookie_store.rb:93:in `call'
/Library/Ruby/Gems/1.8/gems/actionpack-2.3.5/lib/action_controller/failsafe.rb:26:in `call'
/Library/Ruby/Gems/1.8/gems/rack-1.0.1/lib/rack/lock.rb:11:in `call'
/Library/Ruby/Gems/1.8/gems/rack-1.0.1/lib/rack/lock.rb:11:in `synchronize'
/Library/Ruby/Gems/1.8/gems/rack-1.0.1/lib/rack/lock.rb:11:in `call'
/Library/Ruby/Gems/1.8/gems/actionpack-2.3.5/lib/action_controller/dispatcher.rb:114:in `call'
/Library/Ruby/Gems/1.8/gems/actionpack-2.3.5/lib/action_controller/reloader.rb:34:in `run'
/Library/Ruby/Gems/1.8/gems/actionpack-2.3.5/lib/action_controller/dispatcher.rb:108:in `call'
/Library/Ruby/Gems/1.8/gems/rails-2.3.5/lib/rails/rack/static.rb:31:in `call'
/Library/Ruby/Gems/1.8/gems/rack-1.0.1/lib/rack/urlmap.rb:46:in `call'
/Library/Ruby/Gems/1.8/gems/rack-1.0.1/lib/rack/urlmap.rb:40:in `each'
/Library/Ruby/Gems/1.8/gems/rack-1.0.1/lib/rack/urlmap.rb:40:in `call'
/Library/Ruby/Gems/1.8/gems/rails-2.3.5/lib/rails/rack/log_tailer.rb:17:in `call'
/Library/Ruby/Gems/1.8/gems/rack-1.0.1/lib/rack/content_length.rb:13:in `call'
/Library/Ruby/Gems/1.8/gems/rack-1.0.1/lib/rack/chunked.rb:15:in `call'
/Library/Ruby/Gems/1.8/gems/rack-1.0.1/lib/rack/handler/mongrel.rb:64:in `process'
/System/Library/Frameworks/Ruby.framework/Versions/1.8/usr/lib/ruby/gems/1.8/gems/mongrel-1.1.5/lib/mongrel.rb:159:in `process_client'
/System/Library/Frameworks/Ruby.framework/Versions/1.8/usr/lib/ruby/gems/1.8/gems/mongrel-1.1.5/lib/mongrel.rb:158:in `each'
/System/Library/Frameworks/Ruby.framework/Versions/1.8/usr/lib/ruby/gems/1.8/gems/mongrel-1.1.5/lib/mongrel.rb:158:in `process_client'
/System/Library/Frameworks/Ruby.framework/Versions/1.8/usr/lib/ruby/gems/1.8/gems/mongrel-1.1.5/lib/mongrel.rb:285:in `run'
/System/Library/Frameworks/Ruby.framework/Versions/1.8/usr/lib/ruby/gems/1.8/gems/mongrel-1.1.5/lib/mongrel.rb:285:in `initialize'
/System/Library/Frameworks/Ruby.framework/Versions/1.8/usr/lib/ruby/gems/1.8/gems/mongrel-1.1.5/lib/mongrel.rb:285:in `new'
/System/Library/Frameworks/Ruby.framework/Versions/1.8/usr/lib/ruby/gems/1.8/gems/mongrel-1.1.5/lib/mongrel.rb:285:in `run'
/System/Library/Frameworks/Ruby.framework/Versions/1.8/usr/lib/ruby/gems/1.8/gems/mongrel-1.1.5/lib/mongrel.rb:268:in `initialize'
/System/Library/Frameworks/Ruby.framework/Versions/1.8/usr/lib/ruby/gems/1.8/gems/mongrel-1.1.5/lib/mongrel.rb:268:in `new'
/System/Library/Frameworks/Ruby.framework/Versions/1.8/usr/lib/ruby/gems/1.8/gems/mongrel-1.1.5/lib/mongrel.rb:268:in `run'
/Library/Ruby/Gems/1.8/gems/rack-1.0.1/lib/rack/handler/mongrel.rb:34:in `run'
/Library/Ruby/Gems/1.8/gems/rails-2.3.5/lib/commands/server.rb:111
/Library/Ruby/Site/1.8/rubygems/custom_require.rb:31:in `gem_original_require'
/Library/Ruby/Site/1.8/rubygems/custom_require.rb:31:in `require'
script/server:3

ActionView::TemplateError (compile error
/Users/clayton/Projects/mocked/app/views/search/index.html.erb:18: syntax error, unexpected kENSURE, expecting $end) on line #18 of app/views/search/index.html.erb:
15:     <% end %>
16:   </ul>
17: <% end %>

    app/views/search/index.html.erb:18:in `compile!'

Rendered rescues/_trace (43.8ms)
Rendered rescues/_request_and_response (0.4ms)
Rendering rescues/layout (internal_server_error)


Processing SearchController#index (for 127.0.0.1 at 2010-07-06 00:25:34) [GET]
Rendering template within layouts/application
Rendering search/index
ERROR: compiling _run_erb_app47views47search47index46html46erb RAISED compile error
/Users/clayton/Projects/mocked/app/views/search/index.html.erb:18: syntax error, unexpected kENSURE, expecting $end
Function body:           def _run_erb_app47views47search47index46html46erb(local_assigns)
            old_output_buffer = output_buffer;;@output_buffer = '';  __in_erb_template=true ; @output_buffer.concat "<h1>Twitter Search</h1>\n"
;  form_tag :url => search_url ; @output_buffer.concat "\n  <p>"
; @output_buffer.concat(( text_field_tag :query, params[:query] ).to_s); @output_buffer.concat "&nbsp;"; @output_buffer.concat(( submit_tag "Search" ).to_s); @output_buffer.concat "</p>\n"
;  end ; @output_buffer.concat "\n"
;  if flash[:notice].present? ; @output_buffer.concat "\n  <p class=\"notice\">"
; @output_buffer.concat(( flash[:notice] ).to_s); @output_buffer.concat "</p>\n"
;  end ; @output_buffer.concat "\n<p>"
; @output_buffer.concat(( flash[:notice] ).to_s); @output_buffer.concat "</p>\n"
;  if @results.present? ; @output_buffer.concat "\n  <ul class=\"results\">\n    "

;  for result in @results ; @output_buffer.concat "\n      <li class=\""
; @output_buffer.concat(( cycle('even','odd') ).to_s); @output_buffer.concat "\">\n        "
; @output_buffer.concat(( result.text ).to_s); @output_buffer.concat " via "; @output_buffer.concat(( result.from_user ).to_s); @output_buffer.concat " on "; @output_buffer.concat(( result.created_at.to_s ).to_s); @output_buffer.concat "\n      </li>\n    "

;  end ; @output_buffer.concat "\n  </ul>\n"

;  end ; @output_buffer
          ensure
            self.output_buffer = old_output_buffer
          end
Backtrace: /Users/clayton/Projects/mocked/app/views/search/index.html.erb:18:in `compile!'
/Library/Ruby/Gems/1.8/gems/actionpack-2.3.5/lib/action_view/renderable.rb:61:in `compile'
/Library/Ruby/Gems/1.8/gems/actionpack-2.3.5/lib/action_view/renderable.rb:28:in `render'
/Library/Ruby/Gems/1.8/gems/actionpack-2.3.5/lib/action_view/template.rb:205:in `render_template'
/Library/Ruby/Gems/1.8/gems/actionpack-2.3.5/lib/action_view/base.rb:265:in `render'
/Library/Ruby/Gems/1.8/gems/actionpack-2.3.5/lib/action_view/base.rb:348:in `_render_with_layout'
/Library/Ruby/Gems/1.8/gems/actionpack-2.3.5/lib/action_view/base.rb:262:in `render'
/Library/Ruby/Gems/1.8/gems/actionpack-2.3.5/lib/action_controller/base.rb:1250:in `render_for_file'
/Library/Ruby/Gems/1.8/gems/actionpack-2.3.5/lib/action_controller/base.rb:945:in `render_without_benchmark'
/Library/Ruby/Gems/1.8/gems/actionpack-2.3.5/lib/action_controller/benchmarking.rb:51:in `render'
/Library/Ruby/Gems/1.8/gems/activesupport-2.3.5/lib/active_support/core_ext/benchmark.rb:17:in `ms'
/System/Library/Frameworks/Ruby.framework/Versions/1.8/usr/lib/ruby/1.8/benchmark.rb:308:in `realtime'
/Library/Ruby/Gems/1.8/gems/activesupport-2.3.5/lib/active_support/core_ext/benchmark.rb:17:in `ms'
/Library/Ruby/Gems/1.8/gems/actionpack-2.3.5/lib/action_controller/benchmarking.rb:51:in `render'
/Library/Ruby/Gems/1.8/gems/actionpack-2.3.5/lib/action_controller/base.rb:1326:in `default_render'
/Library/Ruby/Gems/1.8/gems/actionpack-2.3.5/lib/action_controller/base.rb:1332:in `perform_action_without_filters'
/Library/Ruby/Gems/1.8/gems/actionpack-2.3.5/lib/action_controller/filters.rb:617:in `call_filters'
/Library/Ruby/Gems/1.8/gems/actionpack-2.3.5/lib/action_controller/filters.rb:610:in `perform_action_without_benchmark'
/Library/Ruby/Gems/1.8/gems/actionpack-2.3.5/lib/action_controller/benchmarking.rb:68:in `perform_action_without_rescue'
/Library/Ruby/Gems/1.8/gems/activesupport-2.3.5/lib/active_support/core_ext/benchmark.rb:17:in `ms'
/System/Library/Frameworks/Ruby.framework/Versions/1.8/usr/lib/ruby/1.8/benchmark.rb:308:in `realtime'
/Library/Ruby/Gems/1.8/gems/activesupport-2.3.5/lib/active_support/core_ext/benchmark.rb:17:in `ms'
/Library/Ruby/Gems/1.8/gems/actionpack-2.3.5/lib/action_controller/benchmarking.rb:68:in `perform_action_without_rescue'
/Library/Ruby/Gems/1.8/gems/actionpack-2.3.5/lib/action_controller/rescue.rb:160:in `perform_action_without_flash'
/Library/Ruby/Gems/1.8/gems/actionpack-2.3.5/lib/action_controller/flash.rb:146:in `perform_action'
/Library/Ruby/Gems/1.8/gems/actionpack-2.3.5/lib/action_controller/base.rb:532:in `send'
/Library/Ruby/Gems/1.8/gems/actionpack-2.3.5/lib/action_controller/base.rb:532:in `process_without_filters'
/Library/Ruby/Gems/1.8/gems/actionpack-2.3.5/lib/action_controller/filters.rb:606:in `process'
/Library/Ruby/Gems/1.8/gems/actionpack-2.3.5/lib/action_controller/base.rb:391:in `process'
/Library/Ruby/Gems/1.8/gems/actionpack-2.3.5/lib/action_controller/base.rb:386:in `call'
/Library/Ruby/Gems/1.8/gems/actionpack-2.3.5/lib/action_controller/routing/route_set.rb:437:in `call'
/Library/Ruby/Gems/1.8/gems/actionpack-2.3.5/lib/action_controller/dispatcher.rb:87:in `dispatch'
/Library/Ruby/Gems/1.8/gems/actionpack-2.3.5/lib/action_controller/dispatcher.rb:121:in `_call'
/Library/Ruby/Gems/1.8/gems/actionpack-2.3.5/lib/action_controller/dispatcher.rb:130:in `build_middleware_stack'
/Library/Ruby/Gems/1.8/gems/actionpack-2.3.5/lib/action_controller/string_coercion.rb:25:in `call'
/Library/Ruby/Gems/1.8/gems/actionpack-2.3.5/lib/action_controller/string_coercion.rb:25:in `call'
/Library/Ruby/Gems/1.8/gems/rack-1.0.1/lib/rack/head.rb:9:in `call'
/Library/Ruby/Gems/1.8/gems/rack-1.0.1/lib/rack/methodoverride.rb:24:in `call'
/Library/Ruby/Gems/1.8/gems/actionpack-2.3.5/lib/action_controller/params_parser.rb:15:in `call'
/Library/Ruby/Gems/1.8/gems/actionpack-2.3.5/lib/action_controller/session/cookie_store.rb:93:in `call'
/Library/Ruby/Gems/1.8/gems/actionpack-2.3.5/lib/action_controller/failsafe.rb:26:in `call'
/Library/Ruby/Gems/1.8/gems/rack-1.0.1/lib/rack/lock.rb:11:in `call'
/Library/Ruby/Gems/1.8/gems/rack-1.0.1/lib/rack/lock.rb:11:in `synchronize'
/Library/Ruby/Gems/1.8/gems/rack-1.0.1/lib/rack/lock.rb:11:in `call'
/Library/Ruby/Gems/1.8/gems/actionpack-2.3.5/lib/action_controller/dispatcher.rb:114:in `call'
/Library/Ruby/Gems/1.8/gems/actionpack-2.3.5/lib/action_controller/reloader.rb:34:in `run'
/Library/Ruby/Gems/1.8/gems/actionpack-2.3.5/lib/action_controller/dispatcher.rb:108:in `call'
/Library/Ruby/Gems/1.8/gems/rails-2.3.5/lib/rails/rack/static.rb:31:in `call'
/Library/Ruby/Gems/1.8/gems/rack-1.0.1/lib/rack/urlmap.rb:46:in `call'
/Library/Ruby/Gems/1.8/gems/rack-1.0.1/lib/rack/urlmap.rb:40:in `each'
/Library/Ruby/Gems/1.8/gems/rack-1.0.1/lib/rack/urlmap.rb:40:in `call'
/Library/Ruby/Gems/1.8/gems/rails-2.3.5/lib/rails/rack/log_tailer.rb:17:in `call'
/Library/Ruby/Gems/1.8/gems/rack-1.0.1/lib/rack/content_length.rb:13:in `call'
/Library/Ruby/Gems/1.8/gems/rack-1.0.1/lib/rack/chunked.rb:15:in `call'
/Library/Ruby/Gems/1.8/gems/rack-1.0.1/lib/rack/handler/mongrel.rb:64:in `process'
/System/Library/Frameworks/Ruby.framework/Versions/1.8/usr/lib/ruby/gems/1.8/gems/mongrel-1.1.5/lib/mongrel.rb:159:in `process_client'
/System/Library/Frameworks/Ruby.framework/Versions/1.8/usr/lib/ruby/gems/1.8/gems/mongrel-1.1.5/lib/mongrel.rb:158:in `each'
/System/Library/Frameworks/Ruby.framework/Versions/1.8/usr/lib/ruby/gems/1.8/gems/mongrel-1.1.5/lib/mongrel.rb:158:in `process_client'
/System/Library/Frameworks/Ruby.framework/Versions/1.8/usr/lib/ruby/gems/1.8/gems/mongrel-1.1.5/lib/mongrel.rb:285:in `run'
/System/Library/Frameworks/Ruby.framework/Versions/1.8/usr/lib/ruby/gems/1.8/gems/mongrel-1.1.5/lib/mongrel.rb:285:in `initialize'
/System/Library/Frameworks/Ruby.framework/Versions/1.8/usr/lib/ruby/gems/1.8/gems/mongrel-1.1.5/lib/mongrel.rb:285:in `new'
/System/Library/Frameworks/Ruby.framework/Versions/1.8/usr/lib/ruby/gems/1.8/gems/mongrel-1.1.5/lib/mongrel.rb:285:in `run'
/System/Library/Frameworks/Ruby.framework/Versions/1.8/usr/lib/ruby/gems/1.8/gems/mongrel-1.1.5/lib/mongrel.rb:268:in `initialize'
/System/Library/Frameworks/Ruby.framework/Versions/1.8/usr/lib/ruby/gems/1.8/gems/mongrel-1.1.5/lib/mongrel.rb:268:in `new'
/System/Library/Frameworks/Ruby.framework/Versions/1.8/usr/lib/ruby/gems/1.8/gems/mongrel-1.1.5/lib/mongrel.rb:268:in `run'
/Library/Ruby/Gems/1.8/gems/rack-1.0.1/lib/rack/handler/mongrel.rb:34:in `run'
/Library/Ruby/Gems/1.8/gems/rails-2.3.5/lib/commands/server.rb:111
/Library/Ruby/Site/1.8/rubygems/custom_require.rb:31:in `gem_original_require'
/Library/Ruby/Site/1.8/rubygems/custom_require.rb:31:in `require'
script/server:3

ActionView::TemplateError (compile error
/Users/clayton/Projects/mocked/app/views/search/index.html.erb:18: syntax error, unexpected kENSURE, expecting $end) on line #18 of app/views/search/index.html.erb:
15:     <% end %>
16:   </ul>
17: <% end %>

    app/views/search/index.html.erb:18:in `compile!'

Rendered rescues/_trace (42.1ms)
Rendered rescues/_request_and_response (0.3ms)
Rendering rescues/layout (internal_server_error)


Processing SearchController#index (for 127.0.0.1 at 2010-07-06 00:26:26) [GET]
Rendering template within layouts/application
Rendering search/index
ERROR: compiling _run_erb_app47views47search47index46html46erb RAISED compile error
/Users/clayton/Projects/mocked/app/views/search/index.html.erb:18: syntax error, unexpected kENSURE, expecting $end
Function body:           def _run_erb_app47views47search47index46html46erb(local_assigns)
            old_output_buffer = output_buffer;;@output_buffer = '';  __in_erb_template=true ; @output_buffer.concat "<h1>Twitter Search</h1>\n"
;  form_tag :url => search_url ; @output_buffer.concat "\n  <p>"
; @output_buffer.concat(( text_field_tag :query, params[:query] ).to_s); @output_buffer.concat "&nbsp;"; @output_buffer.concat(( submit_tag "Search" ).to_s); @output_buffer.concat "</p>\n"
;  end ; @output_buffer.concat "\n"
;  if flash[:notice].present? ; @output_buffer.concat "\n  <p class=\"notice\">"
; @output_buffer.concat(( flash[:notice] ).to_s); @output_buffer.concat "</p>\n"
;  end ; @output_buffer.concat "\n<p>"
; @output_buffer.concat(( flash[:notice] ).to_s); @output_buffer.concat "</p>\n"
;  if @results.present? ; @output_buffer.concat "\n  <ul class=\"results\">\n    "

;  @results.each do |result| ; @output_buffer.concat "\n      <li class=\""
; @output_buffer.concat(( cycle('even','odd') ).to_s); @output_buffer.concat "\">\n        "
; @output_buffer.concat(( result.text ).to_s); @output_buffer.concat " via "; @output_buffer.concat(( result.from_user ).to_s); @output_buffer.concat " on "; @output_buffer.concat(( result.created_at.to_s ).to_s); @output_buffer.concat "\n      </li>\n    "

;  end ; @output_buffer.concat "\n  </ul>\n"

;  end ; @output_buffer
          ensure
            self.output_buffer = old_output_buffer
          end
Backtrace: /Users/clayton/Projects/mocked/app/views/search/index.html.erb:18:in `compile!'
/Library/Ruby/Gems/1.8/gems/actionpack-2.3.5/lib/action_view/renderable.rb:61:in `compile'
/Library/Ruby/Gems/1.8/gems/actionpack-2.3.5/lib/action_view/renderable.rb:28:in `render'
/Library/Ruby/Gems/1.8/gems/actionpack-2.3.5/lib/action_view/template.rb:205:in `render_template'
/Library/Ruby/Gems/1.8/gems/actionpack-2.3.5/lib/action_view/base.rb:265:in `render'
/Library/Ruby/Gems/1.8/gems/actionpack-2.3.5/lib/action_view/base.rb:348:in `_render_with_layout'
/Library/Ruby/Gems/1.8/gems/actionpack-2.3.5/lib/action_view/base.rb:262:in `render'
/Library/Ruby/Gems/1.8/gems/actionpack-2.3.5/lib/action_controller/base.rb:1250:in `render_for_file'
/Library/Ruby/Gems/1.8/gems/actionpack-2.3.5/lib/action_controller/base.rb:945:in `render_without_benchmark'
/Library/Ruby/Gems/1.8/gems/actionpack-2.3.5/lib/action_controller/benchmarking.rb:51:in `render'
/Library/Ruby/Gems/1.8/gems/activesupport-2.3.5/lib/active_support/core_ext/benchmark.rb:17:in `ms'
/System/Library/Frameworks/Ruby.framework/Versions/1.8/usr/lib/ruby/1.8/benchmark.rb:308:in `realtime'
/Library/Ruby/Gems/1.8/gems/activesupport-2.3.5/lib/active_support/core_ext/benchmark.rb:17:in `ms'
/Library/Ruby/Gems/1.8/gems/actionpack-2.3.5/lib/action_controller/benchmarking.rb:51:in `render'
/Library/Ruby/Gems/1.8/gems/actionpack-2.3.5/lib/action_controller/base.rb:1326:in `default_render'
/Library/Ruby/Gems/1.8/gems/actionpack-2.3.5/lib/action_controller/base.rb:1332:in `perform_action_without_filters'
/Library/Ruby/Gems/1.8/gems/actionpack-2.3.5/lib/action_controller/filters.rb:617:in `call_filters'
/Library/Ruby/Gems/1.8/gems/actionpack-2.3.5/lib/action_controller/filters.rb:610:in `perform_action_without_benchmark'
/Library/Ruby/Gems/1.8/gems/actionpack-2.3.5/lib/action_controller/benchmarking.rb:68:in `perform_action_without_rescue'
/Library/Ruby/Gems/1.8/gems/activesupport-2.3.5/lib/active_support/core_ext/benchmark.rb:17:in `ms'
/System/Library/Frameworks/Ruby.framework/Versions/1.8/usr/lib/ruby/1.8/benchmark.rb:308:in `realtime'
/Library/Ruby/Gems/1.8/gems/activesupport-2.3.5/lib/active_support/core_ext/benchmark.rb:17:in `ms'
/Library/Ruby/Gems/1.8/gems/actionpack-2.3.5/lib/action_controller/benchmarking.rb:68:in `perform_action_without_rescue'
/Library/Ruby/Gems/1.8/gems/actionpack-2.3.5/lib/action_controller/rescue.rb:160:in `perform_action_without_flash'
/Library/Ruby/Gems/1.8/gems/actionpack-2.3.5/lib/action_controller/flash.rb:146:in `perform_action'
/Library/Ruby/Gems/1.8/gems/actionpack-2.3.5/lib/action_controller/base.rb:532:in `send'
/Library/Ruby/Gems/1.8/gems/actionpack-2.3.5/lib/action_controller/base.rb:532:in `process_without_filters'
/Library/Ruby/Gems/1.8/gems/actionpack-2.3.5/lib/action_controller/filters.rb:606:in `process'
/Library/Ruby/Gems/1.8/gems/actionpack-2.3.5/lib/action_controller/base.rb:391:in `process'
/Library/Ruby/Gems/1.8/gems/actionpack-2.3.5/lib/action_controller/base.rb:386:in `call'
/Library/Ruby/Gems/1.8/gems/actionpack-2.3.5/lib/action_controller/routing/route_set.rb:437:in `call'
/Library/Ruby/Gems/1.8/gems/actionpack-2.3.5/lib/action_controller/dispatcher.rb:87:in `dispatch'
/Library/Ruby/Gems/1.8/gems/actionpack-2.3.5/lib/action_controller/dispatcher.rb:121:in `_call'
/Library/Ruby/Gems/1.8/gems/actionpack-2.3.5/lib/action_controller/dispatcher.rb:130:in `build_middleware_stack'
/Library/Ruby/Gems/1.8/gems/actionpack-2.3.5/lib/action_controller/string_coercion.rb:25:in `call'
/Library/Ruby/Gems/1.8/gems/actionpack-2.3.5/lib/action_controller/string_coercion.rb:25:in `call'
/Library/Ruby/Gems/1.8/gems/rack-1.0.1/lib/rack/head.rb:9:in `call'
/Library/Ruby/Gems/1.8/gems/rack-1.0.1/lib/rack/methodoverride.rb:24:in `call'
/Library/Ruby/Gems/1.8/gems/actionpack-2.3.5/lib/action_controller/params_parser.rb:15:in `call'
/Library/Ruby/Gems/1.8/gems/actionpack-2.3.5/lib/action_controller/session/cookie_store.rb:93:in `call'
/Library/Ruby/Gems/1.8/gems/actionpack-2.3.5/lib/action_controller/failsafe.rb:26:in `call'
/Library/Ruby/Gems/1.8/gems/rack-1.0.1/lib/rack/lock.rb:11:in `call'
/Library/Ruby/Gems/1.8/gems/rack-1.0.1/lib/rack/lock.rb:11:in `synchronize'
/Library/Ruby/Gems/1.8/gems/rack-1.0.1/lib/rack/lock.rb:11:in `call'
/Library/Ruby/Gems/1.8/gems/actionpack-2.3.5/lib/action_controller/dispatcher.rb:114:in `call'
/Library/Ruby/Gems/1.8/gems/actionpack-2.3.5/lib/action_controller/reloader.rb:34:in `run'
/Library/Ruby/Gems/1.8/gems/actionpack-2.3.5/lib/action_controller/dispatcher.rb:108:in `call'
/Library/Ruby/Gems/1.8/gems/rails-2.3.5/lib/rails/rack/static.rb:31:in `call'
/Library/Ruby/Gems/1.8/gems/rack-1.0.1/lib/rack/urlmap.rb:46:in `call'
/Library/Ruby/Gems/1.8/gems/rack-1.0.1/lib/rack/urlmap.rb:40:in `each'
/Library/Ruby/Gems/1.8/gems/rack-1.0.1/lib/rack/urlmap.rb:40:in `call'
/Library/Ruby/Gems/1.8/gems/rails-2.3.5/lib/rails/rack/log_tailer.rb:17:in `call'
/Library/Ruby/Gems/1.8/gems/rack-1.0.1/lib/rack/content_length.rb:13:in `call'
/Library/Ruby/Gems/1.8/gems/rack-1.0.1/lib/rack/chunked.rb:15:in `call'
/Library/Ruby/Gems/1.8/gems/rack-1.0.1/lib/rack/handler/mongrel.rb:64:in `process'
/System/Library/Frameworks/Ruby.framework/Versions/1.8/usr/lib/ruby/gems/1.8/gems/mongrel-1.1.5/lib/mongrel.rb:159:in `process_client'
/System/Library/Frameworks/Ruby.framework/Versions/1.8/usr/lib/ruby/gems/1.8/gems/mongrel-1.1.5/lib/mongrel.rb:158:in `each'
/System/Library/Frameworks/Ruby.framework/Versions/1.8/usr/lib/ruby/gems/1.8/gems/mongrel-1.1.5/lib/mongrel.rb:158:in `process_client'
/System/Library/Frameworks/Ruby.framework/Versions/1.8/usr/lib/ruby/gems/1.8/gems/mongrel-1.1.5/lib/mongrel.rb:285:in `run'
/System/Library/Frameworks/Ruby.framework/Versions/1.8/usr/lib/ruby/gems/1.8/gems/mongrel-1.1.5/lib/mongrel.rb:285:in `initialize'
/System/Library/Frameworks/Ruby.framework/Versions/1.8/usr/lib/ruby/gems/1.8/gems/mongrel-1.1.5/lib/mongrel.rb:285:in `new'
/System/Library/Frameworks/Ruby.framework/Versions/1.8/usr/lib/ruby/gems/1.8/gems/mongrel-1.1.5/lib/mongrel.rb:285:in `run'
/System/Library/Frameworks/Ruby.framework/Versions/1.8/usr/lib/ruby/gems/1.8/gems/mongrel-1.1.5/lib/mongrel.rb:268:in `initialize'
/System/Library/Frameworks/Ruby.framework/Versions/1.8/usr/lib/ruby/gems/1.8/gems/mongrel-1.1.5/lib/mongrel.rb:268:in `new'
/System/Library/Frameworks/Ruby.framework/Versions/1.8/usr/lib/ruby/gems/1.8/gems/mongrel-1.1.5/lib/mongrel.rb:268:in `run'
/Library/Ruby/Gems/1.8/gems/rack-1.0.1/lib/rack/handler/mongrel.rb:34:in `run'
/Library/Ruby/Gems/1.8/gems/rails-2.3.5/lib/commands/server.rb:111
/Library/Ruby/Site/1.8/rubygems/custom_require.rb:31:in `gem_original_require'
/Library/Ruby/Site/1.8/rubygems/custom_require.rb:31:in `require'
script/server:3

ActionView::TemplateError (compile error
/Users/clayton/Projects/mocked/app/views/search/index.html.erb:18: syntax error, unexpected kENSURE, expecting $end) on line #18 of app/views/search/index.html.erb:
15:     <% end %>
16:   </ul>
17: <% end %>

    app/views/search/index.html.erb:18:in `compile!'

Rendered rescues/_trace (138.2ms)
Rendered rescues/_request_and_response (0.4ms)
Rendering rescues/layout (internal_server_error)


Processing SearchController#index (for 127.0.0.1 at 2010-07-06 00:26:35) [GET]
Rendering template within layouts/application
Rendering search/index
ERROR: compiling _run_erb_app47views47search47index46html46erb RAISED compile error
/Users/clayton/Projects/mocked/app/views/search/index.html.erb:18: syntax error, unexpected kENSURE, expecting $end
Function body:           def _run_erb_app47views47search47index46html46erb(local_assigns)
            old_output_buffer = output_buffer;;@output_buffer = '';  __in_erb_template=true ; @output_buffer.concat "<h1>Twitter Search</h1>\n"
;  form_tag :url => search_url ; @output_buffer.concat "\n  <p>"
; @output_buffer.concat(( text_field_tag :query, params[:query] ).to_s); @output_buffer.concat "&nbsp;"; @output_buffer.concat(( submit_tag "Search" ).to_s); @output_buffer.concat "</p>\n"
;  end ; @output_buffer.concat "\n"
;  if flash[:notice].present? ; @output_buffer.concat "\n  <p class=\"notice\">"
; @output_buffer.concat(( flash[:notice] ).to_s); @output_buffer.concat "</p>\n"
;  end ; @output_buffer.concat "\n<p>"
; @output_buffer.concat(( flash[:notice] ).to_s); @output_buffer.concat "</p>\n"
;  if @results ; @output_buffer.concat "\n  <ul class=\"results\">\n    "

;  @results.each do |result| ; @output_buffer.concat "\n      <li class=\""
; @output_buffer.concat(( cycle('even','odd') ).to_s); @output_buffer.concat "\">\n        "
; @output_buffer.concat(( result.text ).to_s); @output_buffer.concat " via "; @output_buffer.concat(( result.from_user ).to_s); @output_buffer.concat " on "; @output_buffer.concat(( result.created_at.to_s ).to_s); @output_buffer.concat "\n      </li>\n    "

;  end ; @output_buffer.concat "\n  </ul>\n"

;  end ; @output_buffer
          ensure
            self.output_buffer = old_output_buffer
          end
Backtrace: /Users/clayton/Projects/mocked/app/views/search/index.html.erb:18:in `compile!'
/Library/Ruby/Gems/1.8/gems/actionpack-2.3.5/lib/action_view/renderable.rb:61:in `compile'
/Library/Ruby/Gems/1.8/gems/actionpack-2.3.5/lib/action_view/renderable.rb:28:in `render'
/Library/Ruby/Gems/1.8/gems/actionpack-2.3.5/lib/action_view/template.rb:205:in `render_template'
/Library/Ruby/Gems/1.8/gems/actionpack-2.3.5/lib/action_view/base.rb:265:in `render'
/Library/Ruby/Gems/1.8/gems/actionpack-2.3.5/lib/action_view/base.rb:348:in `_render_with_layout'
/Library/Ruby/Gems/1.8/gems/actionpack-2.3.5/lib/action_view/base.rb:262:in `render'
/Library/Ruby/Gems/1.8/gems/actionpack-2.3.5/lib/action_controller/base.rb:1250:in `render_for_file'
/Library/Ruby/Gems/1.8/gems/actionpack-2.3.5/lib/action_controller/base.rb:945:in `render_without_benchmark'
/Library/Ruby/Gems/1.8/gems/actionpack-2.3.5/lib/action_controller/benchmarking.rb:51:in `render'
/Library/Ruby/Gems/1.8/gems/activesupport-2.3.5/lib/active_support/core_ext/benchmark.rb:17:in `ms'
/System/Library/Frameworks/Ruby.framework/Versions/1.8/usr/lib/ruby/1.8/benchmark.rb:308:in `realtime'
/Library/Ruby/Gems/1.8/gems/activesupport-2.3.5/lib/active_support/core_ext/benchmark.rb:17:in `ms'
/Library/Ruby/Gems/1.8/gems/actionpack-2.3.5/lib/action_controller/benchmarking.rb:51:in `render'
/Library/Ruby/Gems/1.8/gems/actionpack-2.3.5/lib/action_controller/base.rb:1326:in `default_render'
/Library/Ruby/Gems/1.8/gems/actionpack-2.3.5/lib/action_controller/base.rb:1332:in `perform_action_without_filters'
/Library/Ruby/Gems/1.8/gems/actionpack-2.3.5/lib/action_controller/filters.rb:617:in `call_filters'
/Library/Ruby/Gems/1.8/gems/actionpack-2.3.5/lib/action_controller/filters.rb:610:in `perform_action_without_benchmark'
/Library/Ruby/Gems/1.8/gems/actionpack-2.3.5/lib/action_controller/benchmarking.rb:68:in `perform_action_without_rescue'
/Library/Ruby/Gems/1.8/gems/activesupport-2.3.5/lib/active_support/core_ext/benchmark.rb:17:in `ms'
/System/Library/Frameworks/Ruby.framework/Versions/1.8/usr/lib/ruby/1.8/benchmark.rb:308:in `realtime'
/Library/Ruby/Gems/1.8/gems/activesupport-2.3.5/lib/active_support/core_ext/benchmark.rb:17:in `ms'
/Library/Ruby/Gems/1.8/gems/actionpack-2.3.5/lib/action_controller/benchmarking.rb:68:in `perform_action_without_rescue'
/Library/Ruby/Gems/1.8/gems/actionpack-2.3.5/lib/action_controller/rescue.rb:160:in `perform_action_without_flash'
/Library/Ruby/Gems/1.8/gems/actionpack-2.3.5/lib/action_controller/flash.rb:146:in `perform_action'
/Library/Ruby/Gems/1.8/gems/actionpack-2.3.5/lib/action_controller/base.rb:532:in `send'
/Library/Ruby/Gems/1.8/gems/actionpack-2.3.5/lib/action_controller/base.rb:532:in `process_without_filters'
/Library/Ruby/Gems/1.8/gems/actionpack-2.3.5/lib/action_controller/filters.rb:606:in `process'
/Library/Ruby/Gems/1.8/gems/actionpack-2.3.5/lib/action_controller/base.rb:391:in `process'
/Library/Ruby/Gems/1.8/gems/actionpack-2.3.5/lib/action_controller/base.rb:386:in `call'
/Library/Ruby/Gems/1.8/gems/actionpack-2.3.5/lib/action_controller/routing/route_set.rb:437:in `call'
/Library/Ruby/Gems/1.8/gems/actionpack-2.3.5/lib/action_controller/dispatcher.rb:87:in `dispatch'
/Library/Ruby/Gems/1.8/gems/actionpack-2.3.5/lib/action_controller/dispatcher.rb:121:in `_call'
/Library/Ruby/Gems/1.8/gems/actionpack-2.3.5/lib/action_controller/dispatcher.rb:130:in `build_middleware_stack'
/Library/Ruby/Gems/1.8/gems/actionpack-2.3.5/lib/action_controller/string_coercion.rb:25:in `call'
/Library/Ruby/Gems/1.8/gems/actionpack-2.3.5/lib/action_controller/string_coercion.rb:25:in `call'
/Library/Ruby/Gems/1.8/gems/rack-1.0.1/lib/rack/head.rb:9:in `call'
/Library/Ruby/Gems/1.8/gems/rack-1.0.1/lib/rack/methodoverride.rb:24:in `call'
/Library/Ruby/Gems/1.8/gems/actionpack-2.3.5/lib/action_controller/params_parser.rb:15:in `call'
/Library/Ruby/Gems/1.8/gems/actionpack-2.3.5/lib/action_controller/session/cookie_store.rb:93:in `call'
/Library/Ruby/Gems/1.8/gems/actionpack-2.3.5/lib/action_controller/failsafe.rb:26:in `call'
/Library/Ruby/Gems/1.8/gems/rack-1.0.1/lib/rack/lock.rb:11:in `call'
/Library/Ruby/Gems/1.8/gems/rack-1.0.1/lib/rack/lock.rb:11:in `synchronize'
/Library/Ruby/Gems/1.8/gems/rack-1.0.1/lib/rack/lock.rb:11:in `call'
/Library/Ruby/Gems/1.8/gems/actionpack-2.3.5/lib/action_controller/dispatcher.rb:114:in `call'
/Library/Ruby/Gems/1.8/gems/actionpack-2.3.5/lib/action_controller/reloader.rb:34:in `run'
/Library/Ruby/Gems/1.8/gems/actionpack-2.3.5/lib/action_controller/dispatcher.rb:108:in `call'
/Library/Ruby/Gems/1.8/gems/rails-2.3.5/lib/rails/rack/static.rb:31:in `call'
/Library/Ruby/Gems/1.8/gems/rack-1.0.1/lib/rack/urlmap.rb:46:in `call'
/Library/Ruby/Gems/1.8/gems/rack-1.0.1/lib/rack/urlmap.rb:40:in `each'
/Library/Ruby/Gems/1.8/gems/rack-1.0.1/lib/rack/urlmap.rb:40:in `call'
/Library/Ruby/Gems/1.8/gems/rails-2.3.5/lib/rails/rack/log_tailer.rb:17:in `call'
/Library/Ruby/Gems/1.8/gems/rack-1.0.1/lib/rack/content_length.rb:13:in `call'
/Library/Ruby/Gems/1.8/gems/rack-1.0.1/lib/rack/chunked.rb:15:in `call'
/Library/Ruby/Gems/1.8/gems/rack-1.0.1/lib/rack/handler/mongrel.rb:64:in `process'
/System/Library/Frameworks/Ruby.framework/Versions/1.8/usr/lib/ruby/gems/1.8/gems/mongrel-1.1.5/lib/mongrel.rb:159:in `process_client'
/System/Library/Frameworks/Ruby.framework/Versions/1.8/usr/lib/ruby/gems/1.8/gems/mongrel-1.1.5/lib/mongrel.rb:158:in `each'
/System/Library/Frameworks/Ruby.framework/Versions/1.8/usr/lib/ruby/gems/1.8/gems/mongrel-1.1.5/lib/mongrel.rb:158:in `process_client'
/System/Library/Frameworks/Ruby.framework/Versions/1.8/usr/lib/ruby/gems/1.8/gems/mongrel-1.1.5/lib/mongrel.rb:285:in `run'
/System/Library/Frameworks/Ruby.framework/Versions/1.8/usr/lib/ruby/gems/1.8/gems/mongrel-1.1.5/lib/mongrel.rb:285:in `initialize'
/System/Library/Frameworks/Ruby.framework/Versions/1.8/usr/lib/ruby/gems/1.8/gems/mongrel-1.1.5/lib/mongrel.rb:285:in `new'
/System/Library/Frameworks/Ruby.framework/Versions/1.8/usr/lib/ruby/gems/1.8/gems/mongrel-1.1.5/lib/mongrel.rb:285:in `run'
/System/Library/Frameworks/Ruby.framework/Versions/1.8/usr/lib/ruby/gems/1.8/gems/mongrel-1.1.5/lib/mongrel.rb:268:in `initialize'
/System/Library/Frameworks/Ruby.framework/Versions/1.8/usr/lib/ruby/gems/1.8/gems/mongrel-1.1.5/lib/mongrel.rb:268:in `new'
/System/Library/Frameworks/Ruby.framework/Versions/1.8/usr/lib/ruby/gems/1.8/gems/mongrel-1.1.5/lib/mongrel.rb:268:in `run'
/Library/Ruby/Gems/1.8/gems/rack-1.0.1/lib/rack/handler/mongrel.rb:34:in `run'
/Library/Ruby/Gems/1.8/gems/rails-2.3.5/lib/commands/server.rb:111
/Library/Ruby/Site/1.8/rubygems/custom_require.rb:31:in `gem_original_require'
/Library/Ruby/Site/1.8/rubygems/custom_require.rb:31:in `require'
script/server:3

ActionView::TemplateError (compile error
/Users/clayton/Projects/mocked/app/views/search/index.html.erb:18: syntax error, unexpected kENSURE, expecting $end) on line #18 of app/views/search/index.html.erb:
15:     <% end %>
16:   </ul>
17: <% end %>

    app/views/search/index.html.erb:18:in `compile!'

Rendered rescues/_trace (42.5ms)
Rendered rescues/_request_and_response (0.3ms)
Rendering rescues/layout (internal_server_error)


Processing SearchController#index (for 127.0.0.1 at 2010-07-06 00:26:50) [GET]
Rendering template within layouts/application
Rendering search/index
ERROR: compiling _run_erb_app47views47search47index46html46erb RAISED compile error
/Users/clayton/Projects/mocked/app/views/search/index.html.erb:10: syntax error, unexpected kENSURE, expecting $end
Function body:           def _run_erb_app47views47search47index46html46erb(local_assigns)
            old_output_buffer = output_buffer;;@output_buffer = '';  __in_erb_template=true ; @output_buffer.concat "<h1>Twitter Search</h1>\n"
;  form_tag :url => search_url ; @output_buffer.concat "\n  <p>"
; @output_buffer.concat(( text_field_tag :query, params[:query] ).to_s); @output_buffer.concat "&nbsp;"; @output_buffer.concat(( submit_tag "Search" ).to_s); @output_buffer.concat "</p>\n"
;  end ; @output_buffer.concat "\n"
;  if flash[:notice].present? ; @output_buffer.concat "\n  <p class=\"notice\">"
; @output_buffer.concat(( flash[:notice] ).to_s); @output_buffer.concat "</p>\n"
;  end ; @output_buffer.concat "\n<p>"
; @output_buffer.concat(( flash[:notice] ).to_s); @output_buffer.concat "</p>\n"
; @output_buffer
          ensure
            self.output_buffer = old_output_buffer
          end
Backtrace: /Users/clayton/Projects/mocked/app/views/search/index.html.erb:10:in `compile!'
/Library/Ruby/Gems/1.8/gems/actionpack-2.3.5/lib/action_view/renderable.rb:61:in `compile'
/Library/Ruby/Gems/1.8/gems/actionpack-2.3.5/lib/action_view/renderable.rb:28:in `render'
/Library/Ruby/Gems/1.8/gems/actionpack-2.3.5/lib/action_view/template.rb:205:in `render_template'
/Library/Ruby/Gems/1.8/gems/actionpack-2.3.5/lib/action_view/base.rb:265:in `render'
/Library/Ruby/Gems/1.8/gems/actionpack-2.3.5/lib/action_view/base.rb:348:in `_render_with_layout'
/Library/Ruby/Gems/1.8/gems/actionpack-2.3.5/lib/action_view/base.rb:262:in `render'
/Library/Ruby/Gems/1.8/gems/actionpack-2.3.5/lib/action_controller/base.rb:1250:in `render_for_file'
/Library/Ruby/Gems/1.8/gems/actionpack-2.3.5/lib/action_controller/base.rb:945:in `render_without_benchmark'
/Library/Ruby/Gems/1.8/gems/actionpack-2.3.5/lib/action_controller/benchmarking.rb:51:in `render'
/Library/Ruby/Gems/1.8/gems/activesupport-2.3.5/lib/active_support/core_ext/benchmark.rb:17:in `ms'
/System/Library/Frameworks/Ruby.framework/Versions/1.8/usr/lib/ruby/1.8/benchmark.rb:308:in `realtime'
/Library/Ruby/Gems/1.8/gems/activesupport-2.3.5/lib/active_support/core_ext/benchmark.rb:17:in `ms'
/Library/Ruby/Gems/1.8/gems/actionpack-2.3.5/lib/action_controller/benchmarking.rb:51:in `render'
/Library/Ruby/Gems/1.8/gems/actionpack-2.3.5/lib/action_controller/base.rb:1326:in `default_render'
/Library/Ruby/Gems/1.8/gems/actionpack-2.3.5/lib/action_controller/base.rb:1332:in `perform_action_without_filters'
/Library/Ruby/Gems/1.8/gems/actionpack-2.3.5/lib/action_controller/filters.rb:617:in `call_filters'
/Library/Ruby/Gems/1.8/gems/actionpack-2.3.5/lib/action_controller/filters.rb:610:in `perform_action_without_benchmark'
/Library/Ruby/Gems/1.8/gems/actionpack-2.3.5/lib/action_controller/benchmarking.rb:68:in `perform_action_without_rescue'
/Library/Ruby/Gems/1.8/gems/activesupport-2.3.5/lib/active_support/core_ext/benchmark.rb:17:in `ms'
/System/Library/Frameworks/Ruby.framework/Versions/1.8/usr/lib/ruby/1.8/benchmark.rb:308:in `realtime'
/Library/Ruby/Gems/1.8/gems/activesupport-2.3.5/lib/active_support/core_ext/benchmark.rb:17:in `ms'
/Library/Ruby/Gems/1.8/gems/actionpack-2.3.5/lib/action_controller/benchmarking.rb:68:in `perform_action_without_rescue'
/Library/Ruby/Gems/1.8/gems/actionpack-2.3.5/lib/action_controller/rescue.rb:160:in `perform_action_without_flash'
/Library/Ruby/Gems/1.8/gems/actionpack-2.3.5/lib/action_controller/flash.rb:146:in `perform_action'
/Library/Ruby/Gems/1.8/gems/actionpack-2.3.5/lib/action_controller/base.rb:532:in `send'
/Library/Ruby/Gems/1.8/gems/actionpack-2.3.5/lib/action_controller/base.rb:532:in `process_without_filters'
/Library/Ruby/Gems/1.8/gems/actionpack-2.3.5/lib/action_controller/filters.rb:606:in `process'
/Library/Ruby/Gems/1.8/gems/actionpack-2.3.5/lib/action_controller/base.rb:391:in `process'
/Library/Ruby/Gems/1.8/gems/actionpack-2.3.5/lib/action_controller/base.rb:386:in `call'
/Library/Ruby/Gems/1.8/gems/actionpack-2.3.5/lib/action_controller/routing/route_set.rb:437:in `call'
/Library/Ruby/Gems/1.8/gems/actionpack-2.3.5/lib/action_controller/dispatcher.rb:87:in `dispatch'
/Library/Ruby/Gems/1.8/gems/actionpack-2.3.5/lib/action_controller/dispatcher.rb:121:in `_call'
/Library/Ruby/Gems/1.8/gems/actionpack-2.3.5/lib/action_controller/dispatcher.rb:130:in `build_middleware_stack'
/Library/Ruby/Gems/1.8/gems/actionpack-2.3.5/lib/action_controller/string_coercion.rb:25:in `call'
/Library/Ruby/Gems/1.8/gems/actionpack-2.3.5/lib/action_controller/string_coercion.rb:25:in `call'
/Library/Ruby/Gems/1.8/gems/rack-1.0.1/lib/rack/head.rb:9:in `call'
/Library/Ruby/Gems/1.8/gems/rack-1.0.1/lib/rack/methodoverride.rb:24:in `call'
/Library/Ruby/Gems/1.8/gems/actionpack-2.3.5/lib/action_controller/params_parser.rb:15:in `call'
/Library/Ruby/Gems/1.8/gems/actionpack-2.3.5/lib/action_controller/session/cookie_store.rb:93:in `call'
/Library/Ruby/Gems/1.8/gems/actionpack-2.3.5/lib/action_controller/failsafe.rb:26:in `call'
/Library/Ruby/Gems/1.8/gems/rack-1.0.1/lib/rack/lock.rb:11:in `call'
/Library/Ruby/Gems/1.8/gems/rack-1.0.1/lib/rack/lock.rb:11:in `synchronize'
/Library/Ruby/Gems/1.8/gems/rack-1.0.1/lib/rack/lock.rb:11:in `call'
/Library/Ruby/Gems/1.8/gems/actionpack-2.3.5/lib/action_controller/dispatcher.rb:114:in `call'
/Library/Ruby/Gems/1.8/gems/actionpack-2.3.5/lib/action_controller/reloader.rb:34:in `run'
/Library/Ruby/Gems/1.8/gems/actionpack-2.3.5/lib/action_controller/dispatcher.rb:108:in `call'
/Library/Ruby/Gems/1.8/gems/rails-2.3.5/lib/rails/rack/static.rb:31:in `call'
/Library/Ruby/Gems/1.8/gems/rack-1.0.1/lib/rack/urlmap.rb:46:in `call'
/Library/Ruby/Gems/1.8/gems/rack-1.0.1/lib/rack/urlmap.rb:40:in `each'
/Library/Ruby/Gems/1.8/gems/rack-1.0.1/lib/rack/urlmap.rb:40:in `call'
/Library/Ruby/Gems/1.8/gems/rails-2.3.5/lib/rails/rack/log_tailer.rb:17:in `call'
/Library/Ruby/Gems/1.8/gems/rack-1.0.1/lib/rack/content_length.rb:13:in `call'
/Library/Ruby/Gems/1.8/gems/rack-1.0.1/lib/rack/chunked.rb:15:in `call'
/Library/Ruby/Gems/1.8/gems/rack-1.0.1/lib/rack/handler/mongrel.rb:64:in `process'
/System/Library/Frameworks/Ruby.framework/Versions/1.8/usr/lib/ruby/gems/1.8/gems/mongrel-1.1.5/lib/mongrel.rb:159:in `process_client'
/System/Library/Frameworks/Ruby.framework/Versions/1.8/usr/lib/ruby/gems/1.8/gems/mongrel-1.1.5/lib/mongrel.rb:158:in `each'
/System/Library/Frameworks/Ruby.framework/Versions/1.8/usr/lib/ruby/gems/1.8/gems/mongrel-1.1.5/lib/mongrel.rb:158:in `process_client'
/System/Library/Frameworks/Ruby.framework/Versions/1.8/usr/lib/ruby/gems/1.8/gems/mongrel-1.1.5/lib/mongrel.rb:285:in `run'
/System/Library/Frameworks/Ruby.framework/Versions/1.8/usr/lib/ruby/gems/1.8/gems/mongrel-1.1.5/lib/mongrel.rb:285:in `initialize'
/System/Library/Frameworks/Ruby.framework/Versions/1.8/usr/lib/ruby/gems/1.8/gems/mongrel-1.1.5/lib/mongrel.rb:285:in `new'
/System/Library/Frameworks/Ruby.framework/Versions/1.8/usr/lib/ruby/gems/1.8/gems/mongrel-1.1.5/lib/mongrel.rb:285:in `run'
/System/Library/Frameworks/Ruby.framework/Versions/1.8/usr/lib/ruby/gems/1.8/gems/mongrel-1.1.5/lib/mongrel.rb:268:in `initialize'
/System/Library/Frameworks/Ruby.framework/Versions/1.8/usr/lib/ruby/gems/1.8/gems/mongrel-1.1.5/lib/mongrel.rb:268:in `new'
/System/Library/Frameworks/Ruby.framework/Versions/1.8/usr/lib/ruby/gems/1.8/gems/mongrel-1.1.5/lib/mongrel.rb:268:in `run'
/Library/Ruby/Gems/1.8/gems/rack-1.0.1/lib/rack/handler/mongrel.rb:34:in `run'
/Library/Ruby/Gems/1.8/gems/rails-2.3.5/lib/commands/server.rb:111
/Library/Ruby/Site/1.8/rubygems/custom_require.rb:31:in `gem_original_require'
/Library/Ruby/Site/1.8/rubygems/custom_require.rb:31:in `require'
script/server:3

ActionView::TemplateError (compile error
/Users/clayton/Projects/mocked/app/views/search/index.html.erb:10: syntax error, unexpected kENSURE, expecting $end) on line #10 of app/views/search/index.html.erb:
7: <% end %>
8: <p><%= flash[:notice] %></p>

    app/views/search/index.html.erb:10:in `compile!'

Rendered rescues/_trace (137.6ms)
Rendered rescues/_request_and_response (0.4ms)
Rendering rescues/layout (internal_server_error)


Processing SearchController#index (for 127.0.0.1 at 2010-07-06 00:26:58) [GET]
Rendering template within layouts/application
Rendering search/index
Completed in 44ms (View: 43 | 200 OK [http://0.0.0.0/]


Processing SearchController#index (for 127.0.0.1 at 2010-07-06 00:27:04) [POST]
  Parameters: {"commit"=>"Search", "url"=>"http://0.0.0.0:3000/search", "authenticity_token"=>"//4AmQ8A3k0HR/HubvCqY4vK4+UKEBsA9dNJKfBoulo=", "query"=>"gangplank"}
Rendering template within layouts/application
Rendering search/index
Completed in 8ms (View: 5 | 200 OK [http://0.0.0.0/?url=http%3A%2F%2F0.0.0.0%3A3000%2Fsearch]


Processing SearchController#index (for 127.0.0.1 at 2010-07-06 00:27:48) [GET]
Rendering template within layouts/application
Rendering search/index
Completed in 10ms (View: 8 | 200 OK [http://0.0.0.0/]


Processing SearchController#go (for 127.0.0.1 at 2010-07-06 00:27:56) [POST]
  Parameters: {"commit"=>"Search", "authenticity_token"=>"//4AmQ8A3k0HR/HubvCqY4vK4+UKEBsA9dNJKfBoulo=", "query"=>"gangplank"}

NoMethodError (undefined method `size' for #<Twitter::Search:0x102e38db8>):
  app/controllers/search_controller.rb:8:in `go'

Rendered rescues/_trace (34.3ms)
Rendered rescues/_request_and_response (0.5ms)
Rendering rescues/layout (internal_server_error)


Processing SearchController#go (for 127.0.0.1 at 2010-07-06 00:28:26) [POST]
  Parameters: {"commit"=>"Search", "authenticity_token"=>"//4AmQ8A3k0HR/HubvCqY4vK4+UKEBsA9dNJKfBoulo=", "query"=>"gangplank"}
Rendering template within layouts/application
Rendering search/index
Completed in 185ms (View: 3 | 200 OK [http://0.0.0.0/search]


Processing SearchController#go (for 127.0.0.1 at 2010-07-06 00:29:22) [POST]
  Parameters: {"commit"=>"Search", "authenticity_token"=>"//4AmQ8A3k0HR/HubvCqY4vK4+UKEBsA9dNJKfBoulo=", "query"=>"clayton"}
Rendering template within layouts/application
Rendering search/index
Completed in 563ms (View: 9 | 200 OK [http://0.0.0.0/search]


Processing SearchController#go (for 127.0.0.1 at 2010-07-06 00:30:20) [POST]
  Parameters: {"commit"=>"Search", "authenticity_token"=>"//4AmQ8A3k0HR/HubvCqY4vK4+UKEBsA9dNJKfBoulo=", "query"=>"clayton"}
Rendering template within layouts/application
Rendering search/index
Completed in 194ms (View: 8 | 200 OK [http://0.0.0.0/search]


Processing SearchController#go (for 127.0.0.1 at 2010-07-06 00:30:33) [POST]
  Parameters: {"commit"=>"Search", "authenticity_token"=>"//4AmQ8A3k0HR/HubvCqY4vK4+UKEBsA9dNJKfBoulo=", "query"=>"integrum"}
Rendering template within layouts/application
Rendering search/index
Completed in 653ms (View: 3 | 200 OK [http://0.0.0.0/search]
